2021-12-17 01:13:01,886 INFO  [org.wildfly.extension.undertow] (MSC service thread 1-7) WFLYUT0006: Undertow HTTPS listener https listening on 127.0.0.1:8443
2021-12-17 01:13:02,971 INFO  [org.infinispan.CONTAINER] (ServerService Thread Pool -- 55) ISPN000128: Infinispan version: Infinispan 'Corona Extra' 11.0.9.Final
2021-12-17 01:13:03,010 INFO  [org.infinispan.CONFIG] (MSC service thread 1-3) ISPN000152: Passivation configured without an eviction policy being selected. Only manually evicted entities will be passivated.
2021-12-17 01:13:03,012 INFO  [org.infinispan.CONFIG] (MSC service thread 1-3) ISPN000152: Passivation configured without an eviction policy being selected. Only manually evicted entities will be passivated.
2021-12-17 01:13:03,075 INFO  [org.infinispan.PERSISTENCE] (ServerService Thread Pool -- 55) ISPN000556: Starting user marshaller 'org.wildfly.clustering.infinispan.marshalling.jboss.JBossMarshaller'
2021-12-17 01:13:03,075 INFO  [org.infinispan.PERSISTENCE] (ServerService Thread Pool -- 54) ISPN000556: Starting user marshaller 'org.wildfly.clustering.infinispan.spi.marshalling.InfinispanProtoStreamMarshaller'
2021-12-17 01:13:03,281 INFO  [org.jboss.as.clustering.infinispan] (ServerService Thread Pool -- 54) WFLYCLINF0002: Started http-remoting-connector cache from ejb container
2021-12-17 01:13:03,299 INFO  [org.jboss.as.clustering.infinispan] (ServerService Thread Pool -- 55) WFLYCLINF0002: Started authenticationSessions cache from keycloak container
2021-12-17 01:13:03,300 INFO  [org.jboss.as.clustering.infinispan] (ServerService Thread Pool -- 63) WFLYCLINF0002: Started clientSessions cache from keycloak container
2021-12-17 01:13:03,304 INFO  [org.jboss.as.clustering.infinispan] (ServerService Thread Pool -- 59) WFLYCLINF0002: Started sessions cache from keycloak container
2021-12-17 01:13:03,305 INFO  [org.jboss.as.clustering.infinispan] (ServerService Thread Pool -- 66) WFLYCLINF0002: Started actionTokens cache from keycloak container
2021-12-17 01:13:03,305 INFO  [org.jboss.as.clustering.infinispan] (ServerService Thread Pool -- 56) WFLYCLINF0002: Started loginFailures cache from keycloak container
2021-12-17 01:13:03,306 INFO  [org.jboss.as.clustering.infinispan] (ServerService Thread Pool -- 60) WFLYCLINF0002: Started offlineClientSessions cache from keycloak container
2021-12-17 01:13:03,306 INFO  [org.jboss.as.clustering.infinispan] (ServerService Thread Pool -- 62) WFLYCLINF0002: Started work cache from keycloak container
2021-12-17 01:13:03,309 INFO  [org.jboss.as.clustering.infinispan] (ServerService Thread Pool -- 57) WFLYCLINF0002: Started offlineSessions cache from keycloak container
2021-12-17 01:13:03,335 INFO  [org.jboss.as.clustering.infinispan] (ServerService Thread Pool -- 65) WFLYCLINF0002: Started realms cache from keycloak container
2021-12-17 01:13:03,335 INFO  [org.jboss.as.clustering.infinispan] (ServerService Thread Pool -- 64) WFLYCLINF0002: Started users cache from keycloak container
2021-12-17 01:13:03,342 INFO  [org.jboss.as.clustering.infinispan] (ServerService Thread Pool -- 61) WFLYCLINF0002: Started authorization cache from keycloak container
2021-12-17 01:13:03,344 INFO  [org.jboss.as.clustering.infinispan] (ServerService Thread Pool -- 58) WFLYCLINF0002: Started keys cache from keycloak container
2021-12-17 01:13:03,709 WARN  [org.jboss.as.server.deployment] (MSC service thread 1-6) WFLYSRV0273: Excluded subsystem webservices via jboss-deployment-structure.xml does not exist.
2021-12-17 01:13:04,203 INFO  [org.keycloak.services] (ServerService Thread Pool -- 58) KC-SERVICES0001: Loading config from standalone.xml or domain.xml
2021-12-17 01:13:04,513 INFO  [org.keycloak.url.DefaultHostnameProviderFactory] (ServerService Thread Pool -- 58) Frontend: <request>, Admin: <frontend>, Backend: <request>
2021-12-17 01:13:04,931 INFO  [org.jboss.as.clustering.infinispan] (ServerService Thread Pool -- 58) WFLYCLINF0002: Started realmRevisions cache from keycloak container
2021-12-17 01:13:04,938 INFO  [org.jboss.as.clustering.infinispan] (ServerService Thread Pool -- 58) WFLYCLINF0002: Started userRevisions cache from keycloak container
2021-12-17 01:13:04,946 INFO  [org.jboss.as.clustering.infinispan] (ServerService Thread Pool -- 58) WFLYCLINF0002: Started authorizationRevisions cache from keycloak container
2021-12-17 01:13:04,947 INFO  [org.keycloak.connections.infinispan.DefaultInfinispanConnectionProviderFactory] (ServerService Thread Pool -- 58) Node name: desktop-ccvjok0, Site name: null
2021-12-17 01:13:09,981 INFO  [org.keycloak.connections.jpa.DefaultJpaConnectionProviderFactory] (ServerService Thread Pool -- 58) Database info: {databaseUrl=jdbc:h2:C:\Workspace\Projekt questMe\questme\keycloak-server\standalone\data/keycloak, databaseUser=SA, databaseProduct=H2 1.4.197 (2018-03-18), databaseDriver=H2 JDBC Driver 1.4.197 (2018-03-18)}
2021-12-17 01:13:10,911 INFO  [org.hibernate.jpa.internal.util.LogHelper] (ServerService Thread Pool -- 58) HHH000204: Processing PersistenceUnitInfo [
	name: keycloak-default
	...]
2021-12-17 01:13:10,969 INFO  [org.hibernate.Version] (ServerService Thread Pool -- 58) HHH000412: Hibernate Core {5.3.20.Final}
2021-12-17 01:13:10,971 INFO  [org.hibernate.cfg.Environment] (ServerService Thread Pool -- 58) HHH000206: hibernate.properties not found
2021-12-17 01:13:11,103 INFO  [org.hibernate.annotations.common.Version] (ServerService Thread Pool -- 58) HCANN000001: Hibernate Commons Annotations {5.0.5.Final}
2021-12-17 01:13:11,243 INFO  [org.hibernate.dialect.Dialect] (ServerService Thread Pool -- 58) HHH000400: Using dialect: org.hibernate.dialect.H2Dialect
2021-12-17 01:13:11,285 INFO  [org.hibernate.envers.boot.internal.EnversServiceImpl] (ServerService Thread Pool -- 58) Envers integration enabled? : true
2021-12-17 01:13:11,661 INFO  [org.hibernate.orm.beans] (ServerService Thread Pool -- 58) HHH10005002: No explicit CDI BeanManager reference was passed to Hibernate, but CDI is available on the Hibernate ClassLoader.
2021-12-17 01:13:11,708 INFO  [org.hibernate.validator.internal.util.Version] (ServerService Thread Pool -- 58) HV000001: Hibernate Validator 6.0.22.Final
2021-12-17 01:13:12,565 INFO  [org.hibernate.hql.internal.QueryTranslatorFactoryInitiator] (ServerService Thread Pool -- 58) HHH000397: Using ASTQueryTranslatorFactory
2021-12-17 01:13:13,198 INFO  [org.jboss.resteasy.resteasy_jaxrs.i18n] (ServerService Thread Pool -- 58) RESTEASY002225: Deploying javax.ws.rs.core.Application: class org.keycloak.services.resources.KeycloakApplication
2021-12-17 01:13:13,200 INFO  [org.jboss.resteasy.resteasy_jaxrs.i18n] (ServerService Thread Pool -- 58) RESTEASY002200: Adding class resource org.keycloak.services.resources.ThemeResource from Application class org.keycloak.services.resources.KeycloakApplication
2021-12-17 01:13:13,201 INFO  [org.jboss.resteasy.resteasy_jaxrs.i18n] (ServerService Thread Pool -- 58) RESTEASY002200: Adding class resource org.keycloak.services.resources.JsResource from Application class org.keycloak.services.resources.KeycloakApplication
2021-12-17 01:13:13,202 INFO  [org.jboss.resteasy.resteasy_jaxrs.i18n] (ServerService Thread Pool -- 58) RESTEASY002205: Adding provider class org.keycloak.services.error.KeycloakErrorHandler from Application class org.keycloak.services.resources.KeycloakApplication
2021-12-17 01:13:13,203 INFO  [org.jboss.resteasy.resteasy_jaxrs.i18n] (ServerService Thread Pool -- 58) RESTEASY002205: Adding provider class org.keycloak.services.filters.KeycloakSecurityHeadersFilter from Application class org.keycloak.services.resources.KeycloakApplication
2021-12-17 01:13:13,204 INFO  [org.jboss.resteasy.resteasy_jaxrs.i18n] (ServerService Thread Pool -- 58) RESTEASY002220: Adding singleton resource org.keycloak.services.resources.RealmsResource from Application class org.keycloak.services.resources.KeycloakApplication
2021-12-17 01:13:13,205 INFO  [org.jboss.resteasy.resteasy_jaxrs.i18n] (ServerService Thread Pool -- 58) RESTEASY002220: Adding singleton resource org.keycloak.services.resources.admin.AdminRoot from Application class org.keycloak.services.resources.KeycloakApplication
2021-12-17 01:13:13,205 INFO  [org.jboss.resteasy.resteasy_jaxrs.i18n] (ServerService Thread Pool -- 58) RESTEASY002220: Adding singleton resource org.keycloak.services.resources.RobotsResource from Application class org.keycloak.services.resources.KeycloakApplication
2021-12-17 01:13:13,206 INFO  [org.jboss.resteasy.resteasy_jaxrs.i18n] (ServerService Thread Pool -- 58) RESTEASY002210: Adding provider singleton org.keycloak.services.util.ObjectMapperResolver from Application class org.keycloak.services.resources.KeycloakApplication
2021-12-17 01:13:13,207 INFO  [org.jboss.resteasy.resteasy_jaxrs.i18n] (ServerService Thread Pool -- 58) RESTEASY002220: Adding singleton resource org.keycloak.services.resources.WelcomeResource from Application class org.keycloak.services.resources.KeycloakApplication
2021-12-17 01:13:13,524 INFO  [org.wildfly.extension.undertow] (ServerService Thread Pool -- 58) WFLYUT0021: Registered web context: '/auth' for server 'default-server'
2021-12-17 01:13:13,613 INFO  [org.jboss.as.server] (ServerService Thread Pool -- 43) WFLYSRV0010: Deployed "keycloak-server.war" (runtime-name : "keycloak-server.war")
2021-12-17 01:13:13,655 INFO  [org.jboss.as.server] (Controller Boot Thread) WFLYSRV0212: Resuming server
2021-12-17 01:13:13,658 INFO  [org.jboss.as] (Controller Boot Thread) WFLYSRV0025: Keycloak 15.0.2 (WildFly Core 15.0.1.Final) started in 22120ms - Started 594 of 872 services (584 services are lazy, passive or on-demand)
2021-12-17 01:13:13,662 INFO  [org.jboss.as] (Controller Boot Thread) WFLYSRV0060: Http management interface listening on http://127.0.0.1:9990/management
2021-12-17 01:13:13,663 INFO  [org.jboss.as] (Controller Boot Thread) WFLYSRV0051: Admin console listening on http://127.0.0.1:9990
2021-12-17 01:27:42,231 INFO  [org.jboss.as.server] (Thread-2) WFLYSRV0272: Suspending server
2021-12-17 01:27:42,236 INFO  [org.jboss.as.ejb3] (Thread-2) WFLYEJB0493: Jakarta Enterprise Beans subsystem suspension complete
2021-12-17 01:27:42,239 INFO  [org.jboss.as.server] (Thread-2) WFLYSRV0220: Server shutdown has been requested via an OS signal
2021-12-17 01:27:42,268 INFO  [org.jboss.as.connector.subsystems.datasources] (MSC service thread 1-7) WFLYJCA0010: Unbound data source [java:jboss/datasources/KeycloakDS]
2021-12-17 01:27:42,269 INFO  [org.jboss.as.mail.extension] (MSC service thread 1-6) WFLYMAIL0002: Unbound mail session [java:jboss/mail/Default]
2021-12-17 01:27:42,275 INFO  [org.wildfly.extension.undertow] (MSC service thread 1-1) WFLYUT0008: Undertow HTTPS listener https suspending
2021-12-17 01:27:42,275 INFO  [org.wildfly.extension.undertow] (ServerService Thread Pool -- 58) WFLYUT0022: Unregistered web context: '/auth' from server 'default-server'
2021-12-17 01:27:42,282 INFO  [org.wildfly.extension.undertow] (MSC service thread 1-1) WFLYUT0007: Undertow HTTPS listener https stopped, was bound to 127.0.0.1:8443
2021-12-17 01:27:42,297 INFO  [org.jboss.as.connector.subsystems.datasources] (MSC service thread 1-8) WFLYJCA0010: Unbound data source [java:jboss/datasources/ExampleDS]
2021-12-17 01:27:42,300 INFO  [org.wildfly.extension.undertow] (MSC service thread 1-5) WFLYUT0019: Host default-host stopping
2021-12-17 01:27:42,302 INFO  [org.jboss.as.connector.deployers.jdbc] (MSC service thread 1-7) WFLYJCA0019: Stopped Driver service with driver-name = h2
2021-12-17 01:27:42,311 INFO  [org.jboss.as.clustering.infinispan] (ServerService Thread Pool -- 76) WFLYCLINF0003: Stopped loginFailures cache from keycloak container
2021-12-17 01:27:42,323 INFO  [org.wildfly.extension.undertow] (MSC service thread 1-6) WFLYUT0008: Undertow HTTP listener default suspending
2021-12-17 01:27:42,326 INFO  [org.jboss.as.server.deployment] (MSC service thread 1-3) WFLYSRV0028: Stopped deployment keycloak-server.war (runtime-name: keycloak-server.war) in 83ms
2021-12-17 01:27:42,334 INFO  [org.wildfly.extension.undertow] (MSC service thread 1-6) WFLYUT0007: Undertow HTTP listener default stopped, was bound to 127.0.0.1:8080
2021-12-17 01:27:42,335 INFO  [org.wildfly.extension.undertow] (MSC service thread 1-5) WFLYUT0004: Undertow 2.2.5.Final stopping
2021-12-17 01:27:42,337 INFO  [org.jboss.as.clustering.infinispan] (ServerService Thread Pool -- 71) WFLYCLINF0003: Stopped work cache from keycloak container
2021-12-17 01:27:42,339 INFO  [org.jboss.as.clustering.infinispan] (ServerService Thread Pool -- 80) WFLYCLINF0003: Stopped authenticationSessions cache from keycloak container
2021-12-17 01:27:42,340 INFO  [org.jboss.as.clustering.infinispan] (ServerService Thread Pool -- 70) WFLYCLINF0003: Stopped clientSessions cache from keycloak container
2021-12-17 01:27:42,341 INFO  [org.jboss.as.clustering.infinispan] (ServerService Thread Pool -- 72) WFLYCLINF0003: Stopped offlineSessions cache from keycloak container
2021-12-17 01:27:42,342 INFO  [org.jboss.as.clustering.infinispan] (ServerService Thread Pool -- 73) WFLYCLINF0003: Stopped sessions cache from keycloak container
2021-12-17 01:27:42,344 INFO  [org.jboss.as.clustering.infinispan] (ServerService Thread Pool -- 79) WFLYCLINF0003: Stopped authorization cache from keycloak container
2021-12-17 01:27:42,347 INFO  [org.jboss.as.clustering.infinispan] (ServerService Thread Pool -- 78) WFLYCLINF0003: Stopped offlineClientSessions cache from keycloak container
2021-12-17 01:27:42,348 INFO  [org.jboss.as.clustering.infinispan] (ServerService Thread Pool -- 74) WFLYCLINF0003: Stopped actionTokens cache from keycloak container
2021-12-17 01:27:42,349 INFO  [org.jboss.as.clustering.infinispan] (ServerService Thread Pool -- 69) WFLYCLINF0003: Stopped users cache from keycloak container
2021-12-17 01:27:42,349 INFO  [org.jboss.as.clustering.infinispan] (ServerService Thread Pool -- 75) WFLYCLINF0003: Stopped keys cache from keycloak container
2021-12-17 01:27:42,350 INFO  [org.jboss.as.clustering.infinispan] (ServerService Thread Pool -- 77) WFLYCLINF0003: Stopped realms cache from keycloak container
2021-12-17 01:27:42,358 INFO  [org.infinispan.manager.DefaultCacheManager] (ServerService Thread Pool -- 74) Stopping cache manager null on null
2021-12-17 01:27:42,440 INFO  [org.jboss.as.clustering.infinispan] (ServerService Thread Pool -- 58) WFLYCLINF0003: Stopped http-remoting-connector cache from ejb container
2021-12-17 01:27:42,444 INFO  [org.infinispan.manager.DefaultCacheManager] (ServerService Thread Pool -- 58) Stopping cache manager null on null
2021-12-17 01:27:42,453 INFO  [org.jboss.as] (MSC service thread 1-4) WFLYSRV0050: Keycloak 15.0.2 (WildFly Core 15.0.1.Final) stopped in 210ms
